2019-06-18 00:07:29.908  INFO 1660 --- [main] jp.co.bizrefine.BizcalendarApplication   : Starting BizcalendarApplication on DESKTOP-3SVCR1I with PID 1660 (started by ogata ryo in C:\Users\ogata ryo\app\bizcalendar)
2019-06-18 00:07:29.919  INFO 1660 --- [main] jp.co.bizrefine.BizcalendarApplication   : No active profile set, falling back to default profiles: default
2019-06-18 00:07:31.976  INFO 1660 --- [main] o.s.b.w.embedded.tomcat.TomcatWebServer  : Tomcat initialized with port(s): 8080 (http)
2019-06-18 00:07:32.010  INFO 1660 --- [main] o.apache.catalina.core.StandardService   : Starting service [Tomcat]
2019-06-18 00:07:32.010  INFO 1660 --- [main] org.apache.catalina.core.StandardEngine  : Starting Servlet engine: [Apache Tomcat/9.0.14]
2019-06-18 00:07:32.028  INFO 1660 --- [main] o.a.catalina.core.AprLifecycleListener   : The APR based Apache Tomcat Native library which allows optimal performance in production environments was not found on the java.library.path: [C:\pleiades\java\8\bin;C:\WINDOWS\Sun\Java\bin;C:\WINDOWS\system32;C:\WINDOWS;C:\pleiades\java\8\jre\bin;C:/pleiades/eclipse/jre/bin/../jre/bin/server;C:/pleiades/eclipse/jre/bin/../jre/bin;C:/pleiades/eclipse/jre/bin/../jre/lib/amd64;C:\Program Files (x86)\Common Files\Oracle\Java\javapath;C:\Program Files (x86)\Intel\iCLS Client\;C:\Program Files\Intel\iCLS Client\;C:\WINDOWS\system32;C:\WINDOWS;C:\WINDOWS\System32\Wbem;C:\WINDOWS\System32\WindowsPowerShell\v1.0\;C:\Program Files (x86)\Intel\Intel(R) Management Engine Components\DAL;C:\Program Files\Intel\Intel(R) Management Engine Components\DAL;C:\Program Files (x86)\Intel\Intel(R) Management Engine Components\IPT;C:\Program Files\Intel\Intel(R) Management Engine Components\IPT;C:\Program Files\Java\jdk-10.0.1\bin;C:\Program Files (x86)\Brackets\command;C:\WINDOWS\System32\OpenSSH\;C:\Program Files\Intel\WiFi\bin\;C:\Program Files\Common Files\Intel\WirelessCommon\;C:\Program Files\Git\cmd;C:\Program Files\nodejs\;C:\Users\ogata ryo\AppData\Local\Microsoft\WindowsApps;C:\Users\ogata ryo\AppData\Roaming\npm;C:\Users\ogata ryo\AppData\Local\Programs\Microsoft VS Code\bin;C:\Program Files\MySQL\MySQL Server 8.0\bin;;C:\pleiades\eclipse;;.]
2019-06-18 00:07:32.172  INFO 1660 --- [main] o.a.c.c.C.[Tomcat].[localhost].[/]       : Initializing Spring embedded WebApplicationContext
2019-06-18 00:07:32.173  INFO 1660 --- [main] o.s.web.context.ContextLoader            : Root WebApplicationContext: initialization completed in 2098 ms
2019-06-18 00:07:32.908  INFO 1660 --- [main] o.s.s.concurrent.ThreadPoolTaskExecutor  : Initializing ExecutorService 'applicationTaskExecutor'
2019-06-18 00:07:33.277  INFO 1660 --- [main] o.s.b.w.embedded.tomcat.TomcatWebServer  : Tomcat started on port(s): 8080 (http) with context path ''
2019-06-18 00:07:33.280  INFO 1660 --- [main] jp.co.bizrefine.BizcalendarApplication   : Started BizcalendarApplication in 4.196 seconds (JVM running for 6.071)
2019-06-18 00:07:42.378  INFO 1660 --- [http-nio-8080-exec-1] o.a.c.c.C.[Tomcat].[localhost].[/]       : Initializing Spring DispatcherServlet 'dispatcherServlet'
2019-06-18 00:07:42.378  INFO 1660 --- [http-nio-8080-exec-1] o.s.web.servlet.DispatcherServlet        : Initializing Servlet 'dispatcherServlet'
2019-06-18 00:07:42.388  INFO 1660 --- [http-nio-8080-exec-1] o.s.web.servlet.DispatcherServlet        : Completed initialization in 10 ms
2019-06-18 00:07:50.553  INFO 1660 --- [http-nio-8080-exec-2] com.zaxxer.hikari.HikariDataSource       : HikariPool-1 - Starting...
2019-06-18 00:07:50.659  INFO 1660 --- [http-nio-8080-exec-2] com.zaxxer.hikari.HikariDataSource       : HikariPool-1 - Start completed.
2019-06-18 00:40:01.770  INFO 1940 --- [main] jp.co.bizrefine.BizcalendarApplication   : Starting BizcalendarApplication on DESKTOP-3SVCR1I with PID 1940 (started by ogata ryo in C:\Users\ogata ryo\app\bizcalendar)
2019-06-18 00:40:01.770  INFO 1940 --- [main] jp.co.bizrefine.BizcalendarApplication   : No active profile set, falling back to default profiles: default
2019-06-18 00:40:03.290  INFO 1940 --- [main] o.s.b.w.embedded.tomcat.TomcatWebServer  : Tomcat initialized with port(s): 8080 (http)
2019-06-18 00:40:03.318  INFO 1940 --- [main] o.apache.catalina.core.StandardService   : Starting service [Tomcat]
2019-06-18 00:40:03.319  INFO 1940 --- [main] org.apache.catalina.core.StandardEngine  : Starting Servlet engine: [Apache Tomcat/9.0.14]
2019-06-18 00:40:03.327  INFO 1940 --- [main] o.a.catalina.core.AprLifecycleListener   : The APR based Apache Tomcat Native library which allows optimal performance in production environments was not found on the java.library.path: [C:\pleiades\java\8\bin;C:\WINDOWS\Sun\Java\bin;C:\WINDOWS\system32;C:\WINDOWS;C:\pleiades\java\8\jre\bin;C:/pleiades/eclipse/jre/bin/../jre/bin/server;C:/pleiades/eclipse/jre/bin/../jre/bin;C:/pleiades/eclipse/jre/bin/../jre/lib/amd64;C:\Program Files (x86)\Common Files\Oracle\Java\javapath;C:\Program Files (x86)\Intel\iCLS Client\;C:\Program Files\Intel\iCLS Client\;C:\WINDOWS\system32;C:\WINDOWS;C:\WINDOWS\System32\Wbem;C:\WINDOWS\System32\WindowsPowerShell\v1.0\;C:\Program Files (x86)\Intel\Intel(R) Management Engine Components\DAL;C:\Program Files\Intel\Intel(R) Management Engine Components\DAL;C:\Program Files (x86)\Intel\Intel(R) Management Engine Components\IPT;C:\Program Files\Intel\Intel(R) Management Engine Components\IPT;C:\Program Files\Java\jdk-10.0.1\bin;C:\Program Files (x86)\Brackets\command;C:\WINDOWS\System32\OpenSSH\;C:\Program Files\Intel\WiFi\bin\;C:\Program Files\Common Files\Intel\WirelessCommon\;C:\Program Files\Git\cmd;C:\Program Files\nodejs\;C:\Users\ogata ryo\AppData\Local\Microsoft\WindowsApps;C:\Users\ogata ryo\AppData\Roaming\npm;C:\Users\ogata ryo\AppData\Local\Programs\Microsoft VS Code\bin;C:\Program Files\MySQL\MySQL Server 8.0\bin;;C:\pleiades\eclipse;;.]
2019-06-18 00:40:03.475  INFO 1940 --- [main] o.a.c.c.C.[Tomcat].[localhost].[/]       : Initializing Spring embedded WebApplicationContext
2019-06-18 00:40:03.476  INFO 1940 --- [main] o.s.web.context.ContextLoader            : Root WebApplicationContext: initialization completed in 1659 ms
2019-06-18 00:40:03.938  INFO 1940 --- [main] o.s.s.concurrent.ThreadPoolTaskExecutor  : Initializing ExecutorService 'applicationTaskExecutor'
2019-06-18 00:40:04.268  INFO 1940 --- [main] o.s.b.w.embedded.tomcat.TomcatWebServer  : Tomcat started on port(s): 8080 (http) with context path ''
2019-06-18 00:40:04.271  INFO 1940 --- [main] jp.co.bizrefine.BizcalendarApplication   : Started BizcalendarApplication in 2.993 seconds (JVM running for 4.043)
2019-06-18 00:40:13.885  INFO 1940 --- [http-nio-8080-exec-1] o.a.c.c.C.[Tomcat].[localhost].[/]       : Initializing Spring DispatcherServlet 'dispatcherServlet'
2019-06-18 00:40:13.886  INFO 1940 --- [http-nio-8080-exec-1] o.s.web.servlet.DispatcherServlet        : Initializing Servlet 'dispatcherServlet'
2019-06-18 00:40:13.892  INFO 1940 --- [http-nio-8080-exec-1] o.s.web.servlet.DispatcherServlet        : Completed initialization in 6 ms
2019-06-18 00:40:14.005  INFO 1940 --- [http-nio-8080-exec-1] com.zaxxer.hikari.HikariDataSource       : HikariPool-1 - Starting...
2019-06-18 00:40:14.109  INFO 1940 --- [http-nio-8080-exec-1] com.zaxxer.hikari.HikariDataSource       : HikariPool-1 - Start completed.
